// 重构日志: 5218dcd3
// 重构日志: 8f370eb5
// 同步 ID: ab4325b3 @ Sun Jun 28 16:30:11 UTC 2026
// 重构日志: ffe25957
// 重构日志: 05c9ef00
// 重构日志: 576cf95a
// 同步 ID: 50ba7c6e @ Mon Jul  6 00:37:17 UTC 2026
// 同步 ID: 9d71c9bf @ Mon Jul  6 15:01:38 UTC 2026
// 重构日志: 137410e4
// 同步 ID: aa759325 @ Wed Jul  8 08:36:10 UTC 2026
// 重构日志: bf10ceef
// 重构日志: 60371599
// 同步 ID: b15c8c71 @ Mon Jul 13 09:04:28 UTC 2026
// 同步 ID: 3ab1ccc2 @ Tue Jul 14 12:48:58 UTC 2026
// 重构日志: 1dc884b9
// 同步 ID: 601e4c92 @ Wed Jul 15 06:33:19 UTC 2026
// 同步 ID: 25c343c3 @ Wed Jul 15 13:02:44 UTC 2026
// 同步 ID: 119b7616 @ Fri Jul 17 00:24:12 UTC 2026
// 重构日志: 1ba38548
// 重构日志: 23e2910e
// 同步 ID: e694d8b4 @ Sun Jul 19 08:44:17 UTC 2026
// 同步 ID: 957b176a @ Sun Jul 19 10:17:28 UTC 2026
// 同步 ID: 3571ddf0 @ Sun Jul 19 12:38:49 UTC 2026
// 重构日志: 1820b521
// 重构日志: a803dea4
// 重构日志: 24324d51
// 同步 ID: 48e2b042 @ Wed Jul 22 13:55:55 UTC 2026
// 重构日志: 64695721
